[debug] [2023-09-29T20:07:46.270Z] ----------------------------------------------------------------------
[debug] [2023-09-29T20:07:46.272Z] Command:       /usr/local/Cellar/node@18/18.17.0/bin/node /usr/local/bin/firebase deploy
[debug] [2023-09-29T20:07:46.272Z] CLI Version:   12.6.1
[debug] [2023-09-29T20:07:46.272Z] Platform:      darwin
[debug] [2023-09-29T20:07:46.272Z] Node Version:  v18.17.0
[debug] [2023-09-29T20:07:46.282Z] Time:          Fri Sep 29 2023 13:07:46 GMT-0700 (Pacific Daylight Time)
[debug] [2023-09-29T20:07:46.282Z] ----------------------------------------------------------------------
[debug] 
[debug] [2023-09-29T20:07:46.354Z] > command requires scopes: ["email","openid","https://www.googleapis.com/auth/cloudplatformprojects.readonly","https://www.googleapis.com/auth/firebase","https://www.googleapis.com/auth/cloud-platform"]
[debug] [2023-09-29T20:07:46.354Z] > authorizing via signed-in user (aysma.amanda@gmail.com)
[debug] [2023-09-29T20:07:46.355Z] [iam] checking project personal-portfolio-3c538 for permissions ["firebase.projects.get","firebasehosting.sites.update"]
[debug] [2023-09-29T20:07:46.357Z] >>> [apiv2][query] POST https://cloudresourcemanager.googleapis.com/v1/projects/personal-portfolio-3c538:testIamPermissions [none]
[debug] [2023-09-29T20:07:46.357Z] >>> [apiv2][(partial)header] POST https://cloudresourcemanager.googleapis.com/v1/projects/personal-portfolio-3c538:testIamPermissions x-goog-quota-user=projects/personal-portfolio-3c538
[debug] [2023-09-29T20:07:46.357Z] >>> [apiv2][body] POST https://cloudresourcemanager.googleapis.com/v1/projects/personal-portfolio-3c538:testIamPermissions {"permissions":["firebase.projects.get","firebasehosting.sites.update"]}
[debug] [2023-09-29T20:07:46.616Z] <<< [apiv2][status] POST https://cloudresourcemanager.googleapis.com/v1/projects/personal-portfolio-3c538:testIamPermissions 200
[debug] [2023-09-29T20:07:46.617Z] <<< [apiv2][body] POST https://cloudresourcemanager.googleapis.com/v1/projects/personal-portfolio-3c538:testIamPermissions {"permissions":["firebase.projects.get","firebasehosting.sites.update"]}
[debug] [2023-09-29T20:07:46.617Z] >>> [apiv2][query] GET https://firebase.googleapis.com/v1beta1/projects/personal-portfolio-3c538 [none]
[debug] [2023-09-29T20:07:46.824Z] <<< [apiv2][status] GET https://firebase.googleapis.com/v1beta1/projects/personal-portfolio-3c538 200
[debug] [2023-09-29T20:07:46.824Z] <<< [apiv2][body] GET https://firebase.googleapis.com/v1beta1/projects/personal-portfolio-3c538 {"projectId":"personal-portfolio-3c538","projectNumber":"32245589516","displayName":"Personal-Portfolio","name":"projects/personal-portfolio-3c538","resources":{"hostingSite":"personal-portfolio-3c538"},"state":"ACTIVE","etag":"1_80e29782-3914-42c4-a27b-387d1b8adf9e"}
[info] 
[info] === Deploying to 'personal-portfolio-3c538'...
[info] 
[info] i  deploying hosting 
[debug] [2023-09-29T20:07:46.826Z] >>> [apiv2][query] POST https://firebasehosting.googleapis.com/v1beta1/projects/-/sites/personal-portfolio-3c538/versions [none]
[debug] [2023-09-29T20:07:46.827Z] >>> [apiv2][body] POST https://firebasehosting.googleapis.com/v1beta1/projects/-/sites/personal-portfolio-3c538/versions {"status":"CREATED","labels":{"deployment-tool":"cli-firebase"}}
[debug] [2023-09-29T20:07:47.706Z] <<< [apiv2][status] POST https://firebasehosting.googleapis.com/v1beta1/projects/-/sites/personal-portfolio-3c538/versions 200
[debug] [2023-09-29T20:07:47.707Z] <<< [apiv2][body] POST https://firebasehosting.googleapis.com/v1beta1/projects/-/sites/personal-portfolio-3c538/versions {"name":"projects/32245589516/sites/personal-portfolio-3c538/versions/4db5075915627ab5","status":"CREATED","config":{},"labels":{"deployment-tool":"cli-firebase"}}
[info] i  hosting[personal-portfolio-3c538]: beginning deploy... 
[info] i  hosting[personal-portfolio-3c538]: found 27 files in build 
[debug] [2023-09-29T20:07:47.719Z] [hosting] uploading with 200 concurrency
[debug] [2023-09-29T20:07:47.889Z] [hosting] hash cache [YnVpbGQ] stored for 27 files
[debug] [2023-09-29T20:07:47.890Z] [hosting][hash queue][FINAL] {"max":161,"min":19,"avg":51.74074074074074,"active":0,"complete":27,"success":27,"errored":0,"retried":0,"total":27,"elapsed":167}
[debug] [2023-09-29T20:07:47.890Z] >>> [apiv2][query] POST https://firebasehosting.googleapis.com/v1beta1/projects/32245589516/sites/personal-portfolio-3c538/versions/4db5075915627ab5:populateFiles [none]
[debug] [2023-09-29T20:07:47.890Z] >>> [apiv2][body] POST https://firebasehosting.googleapis.com/v1beta1/projects/32245589516/sites/personal-portfolio-3c538/versions/4db5075915627ab5:populateFiles {"files":{"/asset-manifest.json":"6ca1afd7f0108447a4d67e933a2268b71b7225cc5c8c724e4dbc9119180d41a5","/robots.txt":"391d14b3c2f8c9143a27a28c7399585142228d4d1bdbe2c87ac946de411fa9a2","/index.html":"01c66fef2c9bdc47a51bf64671b8b09b4f2e74bdd1239ef375742e6130db7b42","/static/js/787.fb771931.chunk.js":"c39ae5c864630c3a33558d0c5226d3e492dd88401e2021b3d59be0b2bfa5167a","/static/js/main.b3e3b37b.js.LICENSE.txt":"ca04e48468ca46e8d2d535fc89b077f335b2243157beac1fa8064f14cb4b2014","/static/js/787.fb771931.chunk.js.map":"2d2c45e3a82a5f4f5bf2d69063eab51384b2b5a886192bd8a4921e03ca041686","/manifest.json":"341d52628782f8ac9290bbfc43298afccb47b7cbfcee146ae30cf0f46bc30900","/favicon.ico":"2ff53bd7b272cf6f48afdba488538bf908909dc85852be89b31bda0ed440fd4e","/static/media/github.97ed8e7eef60d61ca469881dd6f34511.svg":"cf63b925888a4eda45318dfbf6215d4a12ccf38c2299c057bd507001eedf7232","/static/media/linkedinIcon.721d5414c26365f117e71d46b6641cb2.svg":"27764c21af0215090e4f57ddd291f9c35e2c068137c8cd7a4e2d551a1ecc659f","/static/media/instagramIcon.08b285abb8e118b52637efa5d65c5367.svg":"17ee4fdd592ba03bc8cee06c6603a23ef5c6292e86511d3727c2b9e89d95ae2f","/static/media/contact-img.87eac2b29352fa01abb2f9510ef6ac7e.svg":"64df7a3dc0acc228020ab359544785c362a85562e0eaf0a5056846757cd939f5","/static/media/logo.3955681fa3f65ef8adb2.png":"61c38ed6627194abdd6290953c0f058f8504ed6dffd303122dcfb59f96e7c210","/static/media/footer-bg.7bd67c0f73571d0acc02.png":"693c78934220f93f53c30e9a4a04e8a64477c97a6dd313c5654f03b85006c7a8","/static/media/CentraNo2-Medium.f94be5b326d78bb32b95.ttf":"e3186c91d0c38d819a3e75250721ce2bde10bd3e5f38ada083fc7fefb876d09e","/static/media/CentraNo2-Bold.2faff7f7d3fc92a2fcd9.ttf":"69287eadf42864bbb10c9fde7a3d350eafbfbec679ea6fce55b834b2936fc4ee","/static/media/CentraNo2-Book.2b143fa4b734a3584043.ttf":"bc16f268641a4f1958136f96192d1bc311677ec0e91c9fc82052e1ba325426af","/static/css/main.1f3f8b3c.css":"4c3fed9fa582ea4b88d5c4a2e64a5cbb69b7e180fe20579383fabca63d5782a4","/static/js/main.b3e3b37b.js":"ff804e6efe272a60cb31c0dab8edd98433e35db3b607375d72b36db9e559b29d","/static/media/banner-bg.cc1273af450504afe755.png":"a6385caed809c7bf597d1c60cc64afe762b635c7b4379baf3f2d7b4bdd3f580e","/static/css/main.1f3f8b3c.css.map":"a85723fd0d7c61288a2b891405aaf0d677674f6be06e2e8ef77ee223329c2814","/static/media/color-sharp2.c87586c6c2f549cb4aa6.png":"afaee7a484a87a92aff7cc937e70c346d6359ca225d5b031a7386af5d3d6d3b3","/static/media/project-img1.6357ad8f9087647ea90c.png":"2a3d053be77a30022ebb9fa687b43478ff0576d9d7f8606232154326b5f0c6d0","/static/media/profilePic.9548abb8bacf7156d925.jpg":"1681b343dca7402b16f8cf3fc94a012270681b8abbfe1454081ab3c58da40d1e","/static/media/project-img3.912220edf5a8ff3734f2.png":"eafbdcb443780b33a47ce937f3f03e707e2185048130c5227541451f54bf53bc","/static/media/startsFoundation.f0170183652247f1f2ee.png":"f529efa93c0a46397194b1ef3e0f3ab52cb609d7226492b8e2b2df0480c2af43","/static/js/main.b3e3b37b.js.map":"2dea28493d7f51d1d45c93b7abe7decda0d9d8e432a2434332049710caa139f6"}}
[debug] [2023-09-29T20:07:48.424Z] <<< [apiv2][status] POST https://firebasehosting.googleapis.com/v1beta1/projects/32245589516/sites/personal-portfolio-3c538/versions/4db5075915627ab5:populateFiles 200
[debug] [2023-09-29T20:07:48.424Z] <<< [apiv2][body] POST https://firebasehosting.googleapis.com/v1beta1/projects/32245589516/sites/personal-portfolio-3c538/versions/4db5075915627ab5:populateFiles {"uploadRequiredHashes":["ff804e6efe272a60cb31c0dab8edd98433e35db3b607375d72b36db9e559b29d","2dea28493d7f51d1d45c93b7abe7decda0d9d8e432a2434332049710caa139f6","01c66fef2c9bdc47a51bf64671b8b09b4f2e74bdd1239ef375742e6130db7b42","6ca1afd7f0108447a4d67e933a2268b71b7225cc5c8c724e4dbc9119180d41a5"],"uploadUrl":"https://upload-firebasehosting.googleapis.com/upload/sites/personal-portfolio-3c538/versions/4db5075915627ab5/files"}
[debug] [2023-09-29T20:07:48.425Z] >>> [apiv2][query] POST https://upload-firebasehosting.googleapis.com/upload/sites/personal-portfolio-3c538/versions/4db5075915627ab5/files/ff804e6efe272a60cb31c0dab8edd98433e35db3b607375d72b36db9e559b29d [none]
[debug] [2023-09-29T20:07:48.425Z] >>> [apiv2][body] POST https://upload-firebasehosting.googleapis.com/upload/sites/personal-portfolio-3c538/versions/4db5075915627ab5/files/ff804e6efe272a60cb31c0dab8edd98433e35db3b607375d72b36db9e559b29d [stream]
[debug] [2023-09-29T20:07:48.426Z] >>> [apiv2][query] POST https://upload-firebasehosting.googleapis.com/upload/sites/personal-portfolio-3c538/versions/4db5075915627ab5/files/2dea28493d7f51d1d45c93b7abe7decda0d9d8e432a2434332049710caa139f6 [none]
[debug] [2023-09-29T20:07:48.426Z] >>> [apiv2][body] POST https://upload-firebasehosting.googleapis.com/upload/sites/personal-portfolio-3c538/versions/4db5075915627ab5/files/2dea28493d7f51d1d45c93b7abe7decda0d9d8e432a2434332049710caa139f6 [stream]
[debug] [2023-09-29T20:07:48.427Z] >>> [apiv2][query] POST https://upload-firebasehosting.googleapis.com/upload/sites/personal-portfolio-3c538/versions/4db5075915627ab5/files/01c66fef2c9bdc47a51bf64671b8b09b4f2e74bdd1239ef375742e6130db7b42 [none]
[debug] [2023-09-29T20:07:48.427Z] >>> [apiv2][body] POST https://upload-firebasehosting.googleapis.com/upload/sites/personal-portfolio-3c538/versions/4db5075915627ab5/files/01c66fef2c9bdc47a51bf64671b8b09b4f2e74bdd1239ef375742e6130db7b42 [stream]
[debug] [2023-09-29T20:07:48.428Z] >>> [apiv2][query] POST https://upload-firebasehosting.googleapis.com/upload/sites/personal-portfolio-3c538/versions/4db5075915627ab5/files/6ca1afd7f0108447a4d67e933a2268b71b7225cc5c8c724e4dbc9119180d41a5 [none]
[debug] [2023-09-29T20:07:48.428Z] >>> [apiv2][body] POST https://upload-firebasehosting.googleapis.com/upload/sites/personal-portfolio-3c538/versions/4db5075915627ab5/files/6ca1afd7f0108447a4d67e933a2268b71b7225cc5c8c724e4dbc9119180d41a5 [stream]
[debug] [2023-09-29T20:07:48.429Z] [hosting][populate queue][FINAL] {"max":537,"min":537,"avg":537,"active":0,"complete":1,"success":1,"errored":0,"retried":0,"total":1,"elapsed":541}
[debug] [2023-09-29T20:07:48.429Z] [hosting] uploads queued: 4
[debug] [2023-09-29T20:07:49.037Z] <<< [apiv2][status] POST https://upload-firebasehosting.googleapis.com/upload/sites/personal-portfolio-3c538/versions/4db5075915627ab5/files/ff804e6efe272a60cb31c0dab8edd98433e35db3b607375d72b36db9e559b29d 200
[debug] [2023-09-29T20:07:49.037Z] <<< [apiv2][body] POST https://upload-firebasehosting.googleapis.com/upload/sites/personal-portfolio-3c538/versions/4db5075915627ab5/files/ff804e6efe272a60cb31c0dab8edd98433e35db3b607375d72b36db9e559b29d [stream]
[debug] [2023-09-29T20:07:49.037Z] <<< [apiv2][status] POST https://upload-firebasehosting.googleapis.com/upload/sites/personal-portfolio-3c538/versions/4db5075915627ab5/files/01c66fef2c9bdc47a51bf64671b8b09b4f2e74bdd1239ef375742e6130db7b42 200
[debug] [2023-09-29T20:07:49.037Z] <<< [apiv2][body] POST https://upload-firebasehosting.googleapis.com/upload/sites/personal-portfolio-3c538/versions/4db5075915627ab5/files/01c66fef2c9bdc47a51bf64671b8b09b4f2e74bdd1239ef375742e6130db7b42 [stream]
[debug] [2023-09-29T20:07:49.038Z] <<< [apiv2][status] POST https://upload-firebasehosting.googleapis.com/upload/sites/personal-portfolio-3c538/versions/4db5075915627ab5/files/6ca1afd7f0108447a4d67e933a2268b71b7225cc5c8c724e4dbc9119180d41a5 200
[debug] [2023-09-29T20:07:49.038Z] <<< [apiv2][body] POST https://upload-firebasehosting.googleapis.com/upload/sites/personal-portfolio-3c538/versions/4db5075915627ab5/files/6ca1afd7f0108447a4d67e933a2268b71b7225cc5c8c724e4dbc9119180d41a5 [stream]
[debug] [2023-09-29T20:07:49.038Z] <<< [apiv2][status] POST https://upload-firebasehosting.googleapis.com/upload/sites/personal-portfolio-3c538/versions/4db5075915627ab5/files/2dea28493d7f51d1d45c93b7abe7decda0d9d8e432a2434332049710caa139f6 200
[debug] [2023-09-29T20:07:49.038Z] <<< [apiv2][body] POST https://upload-firebasehosting.googleapis.com/upload/sites/personal-portfolio-3c538/versions/4db5075915627ab5/files/2dea28493d7f51d1d45c93b7abe7decda0d9d8e432a2434332049710caa139f6 [stream]
[debug] [2023-09-29T20:07:49.039Z] [hosting][upload queue][FINAL] {"max":615,"min":613,"avg":613.5,"active":0,"complete":4,"success":4,"errored":0,"retried":0,"total":4,"elapsed":615}
[info] ✔  hosting[personal-portfolio-3c538]: file upload complete 
[debug] [2023-09-29T20:07:49.039Z] [hosting] deploy completed after 1330ms
[debug] [2023-09-29T20:07:49.039Z] [
  {
    "config": {
      "public": "build",
      "ignore": [
        "firebase.json",
        "**/.*",
        "**/node_modules/**"
      ],
      "rewrites": [
        {
          "source": "**",
          "destination": "/index.html"
        }
      ],
      "site": "personal-portfolio-3c538"
    },
    "version": "projects/32245589516/sites/personal-portfolio-3c538/versions/4db5075915627ab5"
  }
]
[info] i  hosting[personal-portfolio-3c538]: finalizing version... 
[debug] [2023-09-29T20:07:49.041Z] >>> [apiv2][query] PATCH https://firebasehosting.googleapis.com/v1beta1/projects/-/sites/personal-portfolio-3c538/versions/4db5075915627ab5 updateMask=status%2Cconfig
[debug] [2023-09-29T20:07:49.041Z] >>> [apiv2][body] PATCH https://firebasehosting.googleapis.com/v1beta1/projects/-/sites/personal-portfolio-3c538/versions/4db5075915627ab5 {"status":"FINALIZED","config":{"rewrites":[{"glob":"**","path":"/index.html"}]}}
[debug] [2023-09-29T20:07:49.456Z] <<< [apiv2][status] PATCH https://firebasehosting.googleapis.com/v1beta1/projects/-/sites/personal-portfolio-3c538/versions/4db5075915627ab5 200
[debug] [2023-09-29T20:07:49.456Z] <<< [apiv2][body] PATCH https://firebasehosting.googleapis.com/v1beta1/projects/-/sites/personal-portfolio-3c538/versions/4db5075915627ab5 {"name":"projects/32245589516/sites/personal-portfolio-3c538/versions/4db5075915627ab5","status":"FINALIZED","config":{"rewrites":[{"glob":"**","path":"/index.html"}]},"labels":{"deployment-tool":"cli-firebase"},"createTime":"2023-09-29T20:07:47.232443Z","createUser":{"email":"aysma.amanda@gmail.com"},"finalizeTime":"2023-09-29T20:07:49.432723Z","finalizeUser":{"email":"aysma.amanda@gmail.com"}}
[debug] [2023-09-29T20:07:49.456Z] [hosting] finalized version for personal-portfolio-3c538:[object Object]
[info] ✔  hosting[personal-portfolio-3c538]: version finalized 
[info] i  hosting[personal-portfolio-3c538]: releasing new version... 
[debug] [2023-09-29T20:07:49.457Z] >>> [apiv2][query] POST https://firebasehosting.googleapis.com/v1beta1/projects/-/sites/personal-portfolio-3c538/channels/live/releases versionName=projects%2F32245589516%2Fsites%2Fpersonal-portfolio-3c538%2Fversions%2F4db5075915627ab5
[debug] [2023-09-29T20:07:49.457Z] >>> [apiv2][body] POST https://firebasehosting.googleapis.com/v1beta1/projects/-/sites/personal-portfolio-3c538/channels/live/releases {}
